#
# A fatal error has been detected by the Java Runtime Environment:
#
#  EXCEPTION_UNCAUGHT_CXX_EXCEPTION (0xe06d7363) at pc=0x000007fefd69b3dd, pid=668, tid=9076
#
# JRE version: Java(TM) SE Runtime Environment (7.0_75-b13) (build 1.7.0_75-b13)
# Java VM: Java HotSpot(TM) 64-Bit Server VM (24.75-b04 mixed mode windows-amd64 compressed oops)
# Problematic frame:
# C  [KERNELBASE.dll+0xb3dd]
#
# Failed to write core dump. Minidumps are not enabled by default on client versions of Windows
#
# If you would like to submit a bug report, please visit:
#   http://bugreport.sun.com/bugreport/crash.jsp
# The crash happened outside the Java Virtual Machine in native code.
# See problematic frame for where to report the bug.
#

---------------  T H R E A D  ---------------

Current thread (0x000000000e90b800):  JavaThread "Thread-6" daemon [_thread_in_native, id=9076, stack(0x0000000010560000,0x0000000010660000)]

siginfo: ExceptionCode=0xe06d7363, ExceptionInformation=0x0000000019930520 0x0000000010649f80 0x000007fee2424278 0x000007fee21e0000 

Registers:
RAX=0x0000000066b5e866, RBX=0x000007fee2424278, RCX=0x00000000106497f0, RDX=0x00000000000000d0
RSP=0x0000000010649e00, RBP=0x0000000010649f30, RSI=0x0000000000000000, RDI=0x0000000010649f80
R8 =0x0000000000000000, R9 =0x0000000000000000, R10=0x000007fee21e0000, R11=0x0000000010649e40
R12=0x000000001065eaa0, R13=0x0000000000000028, R14=0x0000000000000000, R15=0x0000000000000000
RIP=0x000007fefd69b3dd, EFLAGS=0x0000000000000206

Top of Stack: (sp=0x0000000010649e00)
0x0000000010649e00:   000007fee2424278 0000000000000000
0x0000000010649e10:   0000000010649f80 000007fee85d6967
0x0000000010649e20:   00000001e06d7363 0000000000000000
0x0000000010649e30:   000007fefd69b3dd 000007fe00000004
0x0000000010649e40:   0000000019930520 0000000010649f80
0x0000000010649e50:   000007fee2424278 000007fee21e0000
0x0000000010649e60:   000000001064a000 0000000010649ee8
0x0000000010649e70:   0000000000000000 0000000000000002
0x0000000010649e80:   0000000000315210 0000000000000000
0x0000000010649e90:   00000000139948f0 fffffffffffffffe
0x0000000010649ea0:   0000000000000000 0000000000000028
0x0000000010649eb0:   000000001065eaa0 0000000010649f80
0x0000000010649ec0:   0000000000000000 000007fee85cef63
0x0000000010649ed0:   000007fee2424278 0000000010649f40
0x0000000010649ee0:   0000000000000001 000007fee21e0108
0x0000000010649ef0:   00000001e06d7363 0000000000000000 

Instructions: (pc=0x000007fefd69b3dd)
0x000007fefd69b3bd:   54 24 24 48 89 4c 24 28 4d 85 c9 0f 85 aa 06 00
0x000007fefd69b3cd:   00 89 4c 24 38 48 8d 4c 24 20 ff 15 c3 fe 03 00
0x000007fefd69b3dd:   48 81 c4 c8 00 00 00 c3 48 85 f6 74 08 83 3b 00
0x000007fefd69b3ed:   76 03 66 89 16 bd 01 00 00 00 3b fd 0f 84 d6 02 


Register to memory mapping:

RAX=0x0000000066b5e866 is an unknown value
RBX=0x000007fee2424278 is an unknown value
RCX=0x00000000106497f0 is pointing into the stack for thread: 0x000000000e90b800
RDX=0x00000000000000d0 is an unknown value
RSP=0x0000000010649e00 is pointing into the stack for thread: 0x000000000e90b800
RBP=0x0000000010649f30 is pointing into the stack for thread: 0x000000000e90b800
RSI=0x0000000000000000 is an unknown value
RDI=0x0000000010649f80 is pointing into the stack for thread: 0x000000000e90b800
R8 =0x0000000000000000 is an unknown value
R9 =0x0000000000000000 is an unknown value
R10=0x000007fee21e0000 is an unknown value
R11=0x0000000010649e40 is pointing into the stack for thread: 0x000000000e90b800
R12=0x000000001065eaa0 is pointing into the stack for thread: 0x000000000e90b800
R13=0x0000000000000028 is an unknown value
R14=0x0000000000000000 is an unknown value
R15=0x0000000000000000 is an unknown value


Stack: [0x0000000010560000,0x0000000010660000],  sp=0x0000000010649e00,  free space=935k
Native frames: (J=compiled Java code, j=interpreted, Vv=VM code, C=native code)
C  [KERNELBASE.dll+0xb3dd]

Java frames: (J=compiled Java code, j=interpreted, Vv=VM code)
j  xplatform.platform.common.app.operator.AbstractCOperator.c_operate([[D)[D+0
j  xplatform.platform.common.app.operator.AbstractCOperator.operate(Ljava/util/ArrayList;)Lxplatform/platform/common/data/DataContainer;+6
j  xplatform.platform.common.app.operator.AbstractOperator.run()V+16
j  xplatform.platform.common.app.state.RunningState.runApp(Lxplatform/platform/common/app/operator/AbstractOperator;)V+23
j  xplatform.platform.common.app.AppContext.monitorState()V+143
j  xplatform.platform.common.app.AppContext.run()V+4
j  java.lang.Thread.run()V+11
v  ~StubRoutines::call_stub

---------------  P R O C E S S  ---------------

Java Threads: ( => current thread )
=>0x000000000e90b800 JavaThread "Thread-6" daemon [_thread_in_native, id=9076, stack(0x0000000010560000,0x0000000010660000)]
  0x000000000e6c6000 JavaThread "Thread-4" [_thread_blocked, id=8604, stack(0x00000000115d0000,0x00000000116d0000)]
  0x000000000e778800 JavaThread "usb4java Device Scanner" daemon [_thread_blocked, id=8552, stack(0x00000000100a0000,0x00000000101a0000)]
  0x000000000e5d1800 JavaThread "Service Thread" daemon [_thread_blocked, id=8924, stack(0x00000000101b0000,0x00000000102b0000)]
  0x000000000e5c8800 JavaThread "C2 CompilerThread1" daemon [_thread_blocked, id=8796, stack(0x000000000ff90000,0x0000000010090000)]
  0x000000000d51e800 JavaThread "C2 CompilerThread0" daemon [_thread_blocked, id=1232, stack(0x000000000fd90000,0x000000000fe90000)]
  0x000000000d51d000 JavaThread "Attach Listener" daemon [_thread_blocked, id=5352, stack(0x000000000fbb0000,0x000000000fcb0000)]
  0x000000000d51c800 JavaThread "Signal Dispatcher" daemon [_thread_blocked, id=8720, stack(0x000000000f990000,0x000000000fa90000)]
  0x000000000d507800 JavaThread "Finalizer" daemon [_thread_blocked, id=7152, stack(0x000000000f7a0000,0x000000000f8a0000)]
  0x000000000224a000 JavaThread "Reference Handler" daemon [_thread_blocked, id=8164, stack(0x000000000f4c0000,0x000000000f5c0000)]
  0x000000000226f800 JavaThread "main" [_thread_in_Java, id=9192, stack(0x0000000002580000,0x0000000002680000)]

Other Threads:
  0x000000000d4fd800 VMThread [stack: 0x000000000f6a0000,0x000000000f7a0000] [id=5428]
  0x000000000e5e2800 WatcherThread [stack: 0x0000000010380000,0x0000000010480000] [id=2736]

VM state:not at safepoint (normal execution)

VM Mutex/Monitor currently owned by a thread: None

Heap
 PSYoungGen      total 1047040K, used 766375K [0x00000007c0000000, 0x0000000800000000, 0x0000000800000000)
  eden space 1045504K, 73% used [0x00000007c0000000,0x00000007eec31ed0,0x00000007ffd00000)
  from space 1536K, 14% used [0x00000007ffe80000,0x00000007ffeb8000,0x0000000800000000)
  to   space 1536K, 0% used [0x00000007ffd00000,0x00000007ffd00000,0x00000007ffe80000)
 ParOldGen       total 2097152K, used 776K [0x0000000740000000, 0x00000007c0000000, 0x00000007c0000000)
  object space 2097152K, 0% used [0x0000000740000000,0x00000007400c2060,0x00000007c0000000)
 PSPermGen       total 21504K, used 5454K [0x000000073ae00000, 0x000000073c300000, 0x0000000740000000)
  object space 21504K, 25% used [0x000000073ae00000,0x000000073b3539b8,0x000000073c300000)

Card table byte_map: [0x0000000005680000,0x0000000005cb0000] byte_map_base: 0x0000000001ca9000

Polling page: 0x0000000000220000

Code Cache  [0x0000000002680000, 0x00000000028f0000, 0x0000000005680000)
 total_blobs=490 nmethods=242 adapters=200 free_code_cache=48159Kb largest_free_block=49283264

Compilation events (10 events):
Event: 28.700 Thread 0x000000000d51e800  238             org.apache.commons.lang3.builder.HashCodeBuilder::<init> (22 bytes)
Event: 28.700 Thread 0x000000000e5c8800  239             org.apache.commons.lang3.builder.HashCodeBuilder::toHashCode (5 bytes)
Event: 28.700 Thread 0x000000000e5c8800 nmethod 239 0x000000000276e950 code [0x000000000276ea80, 0x000000000276ead8]
Event: 28.700 Thread 0x000000000d51e800 nmethod 238 0x0000000002771d90 code [0x0000000002771ec0, 0x0000000002771f38]
Event: 30.307 Thread 0x000000000d51e800  240             java.util.HashMap$HashIterator::nextEntry (99 bytes)
Event: 30.309 Thread 0x000000000d51e800 nmethod 240 0x000000000277cc10 code [0x000000000277cd60, 0x000000000277ceb8]
Event: 32.975 Thread 0x000000000d51e800  242             org.usb4java.javax.descriptors.SimpleUsbDescriptor::bLength (5 bytes)
Event: 32.975 Thread 0x000000000e5c8800  241             org.usb4java.javax.descriptors.SimpleUsbDescriptor::bDescriptorType (5 bytes)
Event: 32.976 Thread 0x000000000d51e800 nmethod 242 0x0000000002771b90 code [0x0000000002771cc0, 0x0000000002771d18]
Event: 32.976 Thread 0x000000000e5c8800 nmethod 241 0x000000000277ca10 code [0x000000000277cb40, 0x000000000277cb98]

GC Heap History (10 events):
Event: 15.296 GC heap before
{Heap before GC invocations=10 (full 0):
 PSYoungGen      total 1047040K, used 1045792K [0x00000007c0000000, 0x0000000800000000, 0x0000000800000000)
  eden space 1045504K, 100% used [0x00000007c0000000,0x00000007ffd00000,0x00000007ffd00000)
  from space 1536K, 18% used [0x00000007ffd00000,0x00000007ffd48000,0x00000007ffe80000)
  to   space 1536K, 0% used [0x00000007ffe80000,0x00000007ffe80000,0x0000000800000000)
 ParOldGen       total 2097152K, used 680K [0x0000000740000000, 0x00000007c0000000, 0x00000007c0000000)
  object space 2097152K, 0% used [0x0000000740000000,0x00000007400aa060,0x00000007c0000000)
 PSPermGen       total 21504K, used 5420K [0x000000073ae00000, 0x000000073c300000, 0x0000000740000000)
  object space 21504K, 25% used [0x000000073ae00000,0x000000073b34b088,0x000000073c300000)
Event: 15.297 GC heap after
Heap after GC invocations=10 (full 0):
 PSYoungGen      total 1047040K, used 224K [0x00000007c0000000, 0x0000000800000000, 0x0000000800000000)
  eden space 1045504K, 0% used [0x00000007c0000000,0x00000007c0000000,0x00000007ffd00000)
  from space 1536K, 14% used [0x00000007ffe80000,0x00000007ffeb8000,0x0000000800000000)
  to   space 1536K, 0% used [0x00000007ffd00000,0x00000007ffd00000,0x00000007ffe80000)
 ParOldGen       total 2097152K, used 736K [0x0000000740000000, 0x00000007c0000000, 0x00000007c0000000)
  object space 2097152K, 0% used [0x0000000740000000,0x00000007400b8060,0x00000007c0000000)
 PSPermGen       total 21504K, used 5420K [0x000000073ae00000, 0x000000073c300000, 0x0000000740000000)
  object space 21504K, 25% used [0x000000073ae00000,0x000000073b34b088,0x000000073c300000)
}
Event: 16.195 GC heap before
{Heap before GC invocations=11 (full 0):
 PSYoungGen      total 1047040K, used 1045728K [0x00000007c0000000, 0x0000000800000000, 0x0000000800000000)
  eden space 1045504K, 100% used [0x00000007c0000000,0x00000007ffd00000,0x00000007ffd00000)
  from space 1536K, 14% used [0x00000007ffe80000,0x00000007ffeb8000,0x0000000800000000)
  to   space 1536K, 0% used [0x00000007ffd00000,0x00000007ffd00000,0x00000007ffe80000)
 ParOldGen       total 2097152K, used 736K [0x0000000740000000, 0x00000007c0000000, 0x00000007c0000000)
  object space 2097152K, 0% used [0x0000000740000000,0x00000007400b8060,0x00000007c0000000)
 PSPermGen       total 21504K, used 5420K [0x000000073ae00000, 0x000000073c300000, 0x0000000740000000)
  object space 21504K, 25% used [0x000000073ae00000,0x000000073b34b3f8,0x000000073c300000)
Event: 16.196 GC heap after
Heap after GC invocations=11 (full 0):
 PSYoungGen      total 1047040K, used 224K [0x00000007c0000000, 0x0000000800000000, 0x0000000800000000)
  eden space 1045504K, 0% used [0x00000007c0000000,0x00000007c0000000,0x00000007ffd00000)
  from space 1536K, 14% used [0x00000007ffd00000,0x00000007ffd38000,0x00000007ffe80000)
  to   space 1536K, 0% used [0x00000007ffe80000,0x00000007ffe80000,0x0000000800000000)
 ParOldGen       total 2097152K, used 776K [0x0000000740000000, 0x00000007c0000000, 0x00000007c0000000)
  object space 2097152K, 0% used [0x0000000740000000,0x00000007400c2060,0x00000007c0000000)
 PSPermGen       total 21504K, used 5420K [0x000000073ae00000, 0x000000073c300000, 0x0000000740000000)
  object space 21504K, 25% used [0x000000073ae00000,0x000000073b34b3f8,0x000000073c300000)
}
Event: 17.082 GC heap before
{Heap before GC invocations=12 (full 0):
 PSYoungGen      total 1047040K, used 1045728K [0x00000007c0000000, 0x0000000800000000, 0x0000000800000000)
  eden space 1045504K, 100% used [0x00000007c0000000,0x00000007ffd00000,0x00000007ffd00000)
  from space 1536K, 14% used [0x00000007ffd00000,0x00000007ffd38000,0x00000007ffe80000)
  to   space 1536K, 0% used [0x00000007ffe80000,0x00000007ffe80000,0x0000000800000000)
 ParOldGen       total 2097152K, used 776K [0x0000000740000000, 0x00000007c0000000, 0x00000007c0000000)
  object space 2097152K, 0% used [0x0000000740000000,0x00000007400c2060,0x00000007c0000000)
 PSPermGen       total 21504K, used 5420K [0x000000073ae00000, 0x000000073c300000, 0x0000000740000000)
  object space 21504K, 25% used [0x000000073ae00000,0x000000073b34b3f8,0x000000073c300000)
Event: 17.091 GC heap after
Heap after GC invocations=12 (full 0):
 PSYoungGen      total 1047040K, used 224K [0x00000007c0000000, 0x0000000800000000, 0x0000000800000000)
  eden space 1045504K, 0% used [0x00000007c0000000,0x00000007c0000000,0x00000007ffd00000)
  from space 1536K, 14% used [0x00000007ffe80000,0x00000007ffeb8000,0x0000000800000000)
  to   space 1536K, 0% used [0x00000007ffd00000,0x00000007ffd00000,0x00000007ffe80000)
 ParOldGen       total 2097152K, used 776K [0x0000000740000000, 0x00000007c0000000, 0x00000007c0000000)
  object space 2097152K, 0% used [0x0000000740000000,0x00000007400c2060,0x00000007c0000000)
 PSPermGen       total 21504K, used 5420K [0x000000073ae00000, 0x000000073c300000, 0x0000000740000000)
  object space 21504K, 25% used [0x000000073ae00000,0x000000073b34b3f8,0x000000073c300000)
}
Event: 17.974 GC heap before
{Heap before GC invocations=13 (full 0):
 PSYoungGen      total 1047040K, used 1045728K [0x00000007c0000000, 0x0000000800000000, 0x0000000800000000)
  eden space 1045504K, 100% used [0x00000007c0000000,0x00000007ffd00000,0x00000007ffd00000)
  from space 1536K, 14% used [0x00000007ffe80000,0x00000007ffeb8000,0x0000000800000000)
  to   space 1536K, 0% used [0x00000007ffd00000,0x00000007ffd00000,0x00000007ffe80000)
 ParOldGen       total 2097152K, used 776K [0x0000000740000000, 0x00000007c0000000, 0x00000007c0000000)
  object space 2097152K, 0% used [0x0000000740000000,0x00000007400c2060,0x00000007c0000000)
 PSPermGen       total 21504K, used 5421K [0x000000073ae00000, 0x000000073c300000, 0x0000000740000000)
  object space 21504K, 25% used [0x000000073ae00000,0x000000073b34b698,0x000000073c300000)
Event: 17.974 GC heap after
Heap after GC invocations=13 (full 0):
 PSYoungGen      total 1047040K, used 288K [0x00000007c0000000, 0x0000000800000000, 0x0000000800000000)
  eden space 1045504K, 0% used [0x00000007c0000000,0x00000007c0000000,0x00000007ffd00000)
  from space 1536K, 18% used [0x00000007ffd00000,0x00000007ffd48000,0x00000007ffe80000)
  to   space 1536K, 0% used [0x00000007ffe80000,0x00000007ffe80000,0x0000000800000000)
 ParOldGen       total 2097152K, used 776K [0x0000000740000000, 0x00000007c0000000, 0x00000007c0000000)
  object space 2097152K, 0% used [0x0000000740000000,0x00000007400c2060,0x00000007c0000000)
 PSPermGen       total 21504K, used 5421K [0x000000073ae00000, 0x000000073c300000, 0x0000000740000000)
  object space 21504K, 25% used [0x000000073ae00000,0x000000073b34b698,0x000000073c300000)
}
Event: 18.864 GC heap before
{Heap before GC invocations=14 (full 0):
 PSYoungGen      total 1047040K, used 1045792K [0x00000007c0000000, 0x0000000800000000, 0x0000000800000000)
  eden space 1045504K, 100% used [0x00000007c0000000,0x00000007ffd00000,0x00000007ffd00000)
  from space 1536K, 18% used [0x00000007ffd00000,0x00000007ffd48000,0x00000007ffe80000)
  to   space 1536K, 0% used [0x00000007ffe80000,0x00000007ffe80000,0x0000000800000000)
 ParOldGen       total 2097152K, used 776K [0x0000000740000000, 0x00000007c0000000, 0x00000007c0000000)
  object space 2097152K, 0% used [0x0000000740000000,0x00000007400c2060,0x00000007c0000000)
 PSPermGen       total 21504K, used 5421K [0x000000073ae00000, 0x000000073c300000, 0x0000000740000000)
  object space 21504K, 25% used [0x000000073ae00000,0x000000073b34b698,0x000000073c300000)
Event: 18.864 GC heap after
Heap after GC invocations=14 (full 0):
 PSYoungGen      total 1047040K, used 224K [0x00000007c0000000, 0x0000000800000000, 0x0000000800000000)
  eden space 1045504K, 0% used [0x00000007c0000000,0x00000007c0000000,0x00000007ffd00000)
  from space 1536K, 14% used [0x00000007ffe80000,0x00000007ffeb8000,0x0000000800000000)
  to   space 1536K, 0% used [0x00000007ffd00000,0x00000007ffd00000,0x00000007ffe80000)
 ParOldGen       total 2097152K, used 776K [0x0000000740000000, 0x00000007c0000000, 0x00000007c0000000)
  object space 2097152K, 0% used [0x0000000740000000,0x00000007400c2060,0x00000007c0000000)
 PSPermGen       total 21504K, used 5421K [0x000000073ae00000, 0x000000073c300000, 0x0000000740000000)
  object space 21504K, 25% used [0x000000073ae00000,0x000000073b34b698,0x000000073c300000)
}

Deoptimization events (10 events):
Event: 19.474 Thread 0x000000000e90b800 Uncommon trap: reason=unreached action=reinterpret pc=0x000000000270c848 method=java.lang.String.equalsIgnoreCase(Ljava/lang/String;)Z @ 10
Event: 19.474 Thread 0x000000000e90b800 Uncommon trap: reason=unreached action=reinterpret pc=0x00000000027421cc method=java.util.concurrent.ConcurrentHashMap$Segment.put(Ljava/lang/Object;ILjava/lang/Object;Z)Ljava/lang/Object; @ 50
Event: 19.474 Thread 0x000000000e90b800 Uncommon trap: reason=unreached action=reinterpret pc=0x0000000002729b80 method=java.util.concurrent.ConcurrentHashMap$Segment.put(Ljava/lang/Object;ILjava/lang/Object;Z)Ljava/lang/Object; @ 50
Event: 19.475 Thread 0x000000000e90b800 Uncommon trap: reason=unreached action=reinterpret pc=0x0000000002727090 method=java.net.URLClassLoader$1.run()Ljava/lang/Class; @ 31
Event: 19.475 Thread 0x000000000e90b800 Uncommon trap: reason=class_check action=maybe_recompile pc=0x000000000274b384 method=java.lang.ClassLoader.loadClass(Ljava/lang/String;)Ljava/lang/Class; @ 3
Event: 19.476 Thread 0x000000000e90b800 Uncommon trap: reason=class_check action=maybe_recompile pc=0x000000000274b384 method=java.lang.ClassLoader.loadClass(Ljava/lang/String;)Ljava/lang/Class; @ 3
Event: 19.484 Thread 0x000000000e6c6000 Uncommon trap: reason=unreached action=reinterpret pc=0x0000000002772444 method=xplatform.platform.common.app.state.ReadyState.waitPRDApp()Z @ 69
Event: 19.484 Thread 0x000000000e6c6000 Uncommon trap: reason=class_check action=maybe_recompile pc=0x000000000274b384 method=java.lang.ClassLoader.loadClass(Ljava/lang/String;)Ljava/lang/Class; @ 3
Event: 20.629 Thread 0x000000000e90b800 Uncommon trap: reason=class_check action=maybe_recompile pc=0x000000000274b384 method=java.lang.ClassLoader.loadClass(Ljava/lang/String;)Ljava/lang/Class; @ 3
Event: 36.730 Thread 0x000000000e778800 Uncommon trap: reason=class_check action=maybe_recompile pc=0x00000000027174bc method=java.net.URL.<init>(Ljava/net/URL;Ljava/lang/String;Ljava/net/URLStreamHandler;)V @ 504

Internal exceptions (10 events):
Event: 19.469 Thread 0x000000000e90b800 Threw 0x00000007ec29cd10 at C:\re\jdk7u75\1940\hotspot\src\share\vm\prims\jvm.cpp:1281
Event: 19.473 Thread 0x000000000e90b800 Threw 0x00000007ec29dd70 at C:\re\jdk7u75\1940\hotspot\src\share\vm\prims\jvm.cpp:1281
Event: 19.473 Thread 0x000000000e90b800 Threw 0x00000007ec29ec78 at C:\re\jdk7u75\1940\hotspot\src\share\vm\prims\jvm.cpp:1281
Event: 19.473 Thread 0x000000000e90b800 Implicit null exception at 0x00000000027225ae to 0x0000000002722e7d
Event: 19.474 Thread 0x000000000e90b800 Implicit null exception at 0x000000000270c499 to 0x000000000270c835
Event: 19.475 Thread 0x000000000e90b800 Threw 0x00000007ec2a7190 at C:\re\jdk7u75\1940\hotspot\src\share\vm\prims\jvm.cpp:1281
Event: 19.475 Thread 0x000000000e90b800 Threw 0x00000007ed62d5e8 at C:\re\jdk7u75\1940\hotspot\src\share\vm\prims\jvm.cpp:1281
Event: 19.476 Thread 0x000000000e90b800 Threw 0x00000007ed62f768 at C:\re\jdk7u75\1940\hotspot\src\share\vm\prims\jvm.cpp:1281
Event: 19.485 Thread 0x000000000e6c6000 Threw 0x00000007ed7a69b0 at C:\re\jdk7u75\1940\hotspot\src\share\vm\prims\jvm.cpp:1281
Event: 36.730 Thread 0x000000000e778800 Threw 0x00000007eec1f698 at C:\re\jdk7u75\1940\hotspot\src\share\vm\prims\jvm.cpp:1281

Events (10 events):
Event: 20.629 loading class 0x000000000d320f20 done
Event: 20.629 Executing VM operation: RevokeBias
Event: 20.629 Executing VM operation: RevokeBias done
Event: 20.629 Executing VM operation: RevokeBias
Event: 20.629 Executing VM operation: RevokeBias done
Event: 36.730 loading class 0x000000000e8207e0
Event: 36.730 loading class 0x000000000e8207e0 done
Event: 36.730 Thread 0x000000000e778800 Uncommon trap: trap_request=0xffffffde fr.pc=0x00000000027174bc
Event: 36.730 Thread 0x000000000e778800 DEOPT PACKING pc=0x00000000027174bc sp=0x000000001019d2b0
Event: 36.730 Thread 0x000000000e778800 DEOPT UNPACKING pc=0x00000000026b75a4 sp=0x000000001019d248 mode 2


Dynamic libraries:
0x000000013f6c0000 - 0x000000013f6f3000 	C:\Program Files\Java\jre7\bin\javaw.exe
0x0000000077810000 - 0x00000000779b8000 	C:\Windows\SYSTEM32\ntdll.dll
0x00000000776f0000 - 0x000000007780f000 	C:\Windows\system32\kernel32.dll
0x000007fefd690000 - 0x000007fefd6fc000 	C:\Windows\system32\KERNELBASE.dll
0x000007fefefc0000 - 0x000007feff09b000 	C:\Windows\system32\ADVAPI32.dll
0x000007feff470000 - 0x000007feff50f000 	C:\Windows\system32\msvcrt.dll
0x000007feff450000 - 0x000007feff46f000 	C:\Windows\SYSTEM32\sechost.dll
0x000007fefdc70000 - 0x000007fefdd9d000 	C:\Windows\system32\RPCRT4.dll
0x00000000775f0000 - 0x00000000776ea000 	C:\Windows\system32\USER32.dll
0x000007fefdaa0000 - 0x000007fefdb07000 	C:\Windows\system32\GDI32.dll
0x000007feff0c0000 - 0x000007feff0ce000 	C:\Windows\system32\LPK.dll
0x000007fefd980000 - 0x000007fefda49000 	C:\Windows\system32\USP10.dll
0x000007fefbec0000 - 0x000007fefc0b4000 	C:\Windows\WinSxS\amd64_microsoft.windows.common-controls_6595b64144ccf1df_6.0.7601.18837_none_fa3b1e3d17594757\COMCTL32.dll
0x000007feffa70000 - 0x000007feffae1000 	C:\Windows\system32\SHLWAPI.dll
0x000007feffaf0000 - 0x000007feffb1e000 	C:\Windows\system32\IMM32.DLL
0x000007feff130000 - 0x000007feff239000 	C:\Windows\system32\MSCTF.dll
0x000007fefd4f0000 - 0x000007fefd530000 	C:\Windows\system32\nvinitx.dll
0x0000000052ee0000 - 0x0000000052fb2000 	C:\Program Files\Java\jre7\bin\msvcr100.dll
0x00000000699d0000 - 0x000000006a1a4000 	C:\Program Files\Java\jre7\bin\server\jvm.dll
0x000007fefa790000 - 0x000007fefa799000 	C:\Windows\system32\WSOCK32.dll
0x000007fefda50000 - 0x000007fefda9d000 	C:\Windows\system32\WS2_32.dll
0x000007feff7e0000 - 0x000007feff7e8000 	C:\Windows\system32\NSI.dll
0x000007fefab20000 - 0x000007fefab5b000 	C:\Windows\system32\WINMM.dll
0x00000000779e0000 - 0x00000000779e7000 	C:\Windows\system32\PSAPI.DLL
0x000000006c020000 - 0x000000006c02f000 	C:\Program Files\Java\jre7\bin\verify.dll
0x000000006bff0000 - 0x000000006c018000 	C:\Program Files\Java\jre7\bin\java.dll
0x000000006bfd0000 - 0x000000006bfe5000 	C:\Program Files\Java\jre7\bin\zip.dll
0x000007fefcdc0000 - 0x000007fefcdd8000 	C:\Windows\system32\CRYPTSP.dll
0x000007fefcac0000 - 0x000007fefcb07000 	C:\Windows\system32\rsaenh.dll
0x000007fefd760000 - 0x000007fefd77e000 	C:\Windows\system32\USERENV.dll
0x000007fefd5c0000 - 0x000007fefd5cf000 	C:\Windows\system32\profapi.dll
0x000007fefd420000 - 0x000007fefd42f000 	C:\Windows\system32\CRYPTBASE.dll
0x000000006bfb0000 - 0x000000006bfc9000 	C:\Program Files\Java\jre7\bin\net.dll
0x000007fefcd60000 - 0x000007fefcdb5000 	C:\Windows\system32\mswsock.dll
0x000007fefcd50000 - 0x000007fefcd57000 	C:\Windows\System32\wship6.dll
0x000007fefa760000 - 0x000007fefa787000 	C:\Windows\system32\IPHLPAPI.DLL
0x000007fefa750000 - 0x000007fefa75b000 	C:\Windows\system32\WINNSI.DLL
0x000007fef93e0000 - 0x000007fef93f8000 	C:\Windows\system32\dhcpcsvc.DLL
0x000007fef93c0000 - 0x000007fef93d1000 	C:\Windows\system32\dhcpcsvc6.DLL
0x000000006bf90000 - 0x000000006bfa1000 	C:\Program Files\Java\jre7\bin\nio.dll
0x000000006b600000 - 0x000000006b62f000 	C:\Users\e39050\AppData\Local\Temp\usb4java1173541307655587394.tmp\libusb-1.0.dll
0x0000000070880000 - 0x0000000070897000 	C:\Users\e39050\AppData\Local\Temp\usb4java1173541307655587394.tmp\libusb4java.dll
0x000007fefd700000 - 0x000007fefd736000 	C:\Windows\system32\Cfgmgr32.dll
0x000007feff240000 - 0x000007feff443000 	C:\Windows\system32\OLE32.dll
0x000007feff890000 - 0x000007feffa67000 	C:\Windows\system32\SetupAPI.dll
0x000007fefdb10000 - 0x000007fefdbe7000 	C:\Windows\system32\OLEAUT32.dll
0x000007fefd7d0000 - 0x000007fefd7ea000 	C:\Windows\system32\DEVOBJ.dll
0x000007fefa360000 - 0x000007fefa369000 	C:\Windows\system32\WinUSB.DLL
0x000007fefba70000 - 0x000007fefba7b000 	C:\Windows\system32\hid.dll
0x000007fefd790000 - 0x000007fefd7cb000 	C:\Windows\system32\WINTRUST.dll
0x000007fefd7f0000 - 0x000007fefd95d000 	C:\Windows\system32\CRYPT32.dll
0x000007fefd5d0000 - 0x000007fefd5df000 	C:\Windows\system32\MSASN1.dll
0x000007fefaf90000 - 0x000007fefaf9b000 	C:\Users\e39050\Documents\GitHub\XPlatform\Camera.dll
0x000007fee21e0000 - 0x000007fee245c000 	C:\opencv\build\x64\vc12\bin\opencv_core2410.dll
0x000007fee2bf0000 - 0x000007fee2c96000 	C:\Windows\system32\MSVCP120.dll
0x000007fee8570000 - 0x000007fee865f000 	C:\Windows\system32\MSVCR120.dll
0x000007fee0c40000 - 0x000007fee0e99000 	C:\opencv\build\x64\vc12\bin\opencv_highgui2410.dll
0x000007fefa1d0000 - 0x000007fefa1f9000 	C:\Windows\system32\MSVFW32.dll
0x000007fefe230000 - 0x000007fefefb9000 	C:\Windows\system32\SHELL32.dll
0x000007fefa1b0000 - 0x000007fefa1cf000 	C:\Windows\system32\AVIFIL32.dll
0x000007fefa4a0000 - 0x000007fefa4b8000 	C:\Windows\system32\MSACM32.dll
0x000007fef7ac0000 - 0x000007fef7ad7000 	C:\Windows\system32\AVICAP32.dll
0x000007fefc490000 - 0x000007fefc49c000 	C:\Windows\system32\VERSION.dll
0x000007fee0980000 - 0x000007fee0c3d000 	C:\opencv\build\x64\vc12\bin\opencv_imgproc2410.dll
0x000007fefbe60000 - 0x000007fefbeb6000 	C:\Windows\system32\uxtheme.dll
0x000007fefdda0000 - 0x000007fefde39000 	C:\Windows\system32\CLBCatQ.DLL
0x000007fef3ca0000 - 0x000007fef3cb6000 	C:\Windows\system32\devenum.dll
0x000007fefbb10000 - 0x000007fefbb3d000 	C:\Windows\system32\ntmarta.dll
0x000007feff0d0000 - 0x000007feff122000 	C:\Windows\system32\WLDAP32.dll
0x000007fefa1a0000 - 0x000007fefa1ad000 	C:\Windows\system32\msdmo.dll
0x000007fee99a0000 - 0x000007fee99cf000 	C:\Windows\system32\qcap.dll
0x000007fee0f40000 - 0x000007fee10f3000 	C:\Windows\system32\quartz.dll
0x000007fefb8d0000 - 0x000007fefb8e8000 	C:\Windows\system32\dwmapi.dll
0x000007fee9950000 - 0x000007fee9991000 	C:\Windows\system32\ksproxy.ax
0x0000000075180000 - 0x0000000075186000 	C:\Windows\system32\ksuser.dll
0x000007fef7be0000 - 0x000007fef7ddf000 	C:\Windows\system32\d3d9.dll
0x000007fef7f30000 - 0x000007fef7f37000 	C:\Windows\system32\d3d8thk.dll
0x000007fef3c90000 - 0x000007fef3c9b000 	C:\Windows\system32\vidcap.ax
0x000007feec9d0000 - 0x000007feec9f4000 	C:\Windows\system32\kswdmcap.ax
0x000007fee0820000 - 0x000007fee097c000 	C:\Windows\system32\MFC42.dll
0x000007fee2b30000 - 0x000007fee2be1000 	C:\Windows\system32\ODBC32.dll
0x0000000052e00000 - 0x0000000052e38000 	C:\Windows\system32\odbcint.dll
0x000007fee2140000 - 0x000007fee21db000 	C:\Windows\System32\qedit.dll
0x000007feff7f0000 - 0x000007feff887000 	C:\Windows\system32\COMDLG32.dll
0x000007fefbc40000 - 0x000007fefbe56000 	C:\Windows\WinSxS\amd64_microsoft.windows.gdiplus_6595b64144ccf1df_1.1.7601.18834_none_2b26557a71eb7442\gdiplus.dll
0x000007fee90f0000 - 0x000007fee91e1000 	C:\Windows\system32\DDRAW.dll
0x000007fefa930000 - 0x000007fefa938000 	C:\Windows\system32\DCIMAN32.dll
0x000007fef2f90000 - 0x000007fef2f9b000 	C:\Windows\system32\msyuv.dll
0x000007fefa520000 - 0x000007fefa645000 	C:\Windows\system32\dbghelp.dll

VM Arguments:
jvm_args: -Dosgi.requiredJavaVersion=1.7 -Xms3G -Xmx3G -Dfile.encoding=Cp1252 
java_command: xplatform.Init
Launcher Type: SUN_STANDARD

Environment Variables:
PATH=C:/Program Files/Java/jre7/bin/server;C:/Program Files/Java/jre7/bin;C:/Program Files/Java/jre7/lib/amd64;C:\Program Files (x86)\Intel\iCLS Client\;C:\Program Files\Intel\iCLS Client\;C:\Program Files (x86)\Integrity\IntegrityClient10\bin;C:\Windows\system32;C:\Windows;C:\Windows\System32\Wbem;C:\Windows\System32\WindowsPowerShell\v1.0\;C:\Program Files\Intel\WiFi\bin\;C:\Program Files\Common Files\Intel\WirelessCommon\;C:\Program Files\Intel\Intel(R) Management Engine Components\DAL;C:\Program Files (x86)\Intel\Intel(R) Management Engine Components\DAL;C:\Program Files\Intel\Intel(R) Management Engine Components\IPT;C:\Program Files (x86)\Intel\Intel(R) Management Engine Components\IPT;C:\Program Files (x86)\Shoreline Communications\ShoreWare Client\;C:\Program Files (x86)\Shoreline Communications\ShoreWare Client\win64;C:\PROGRA~2\INTEGR~1\Toolkit\mksnt;C:\CAD\UGS\TCVis10\Products\Mockup\ClearanceDB;c:\Program Files (x86)\Microsoft SQL Server\90\Tools\binn\;C:\Program Files (x86)\MySQL\MySQL Server 5.5\bin;C:\Program Files (x86)\Windows Kits\8.1\Windows Performance Toolkit\;C:\Program Files\Microsoft SQL Server\110\Tools\Binn\;C:\Program Files (x86)\Microsoft SDKs\TypeScript\1.0\;C:\Program Files\Microsoft SQL Server\120\Tools\Binn\;C:\Program Files\Java\jdk1.7.0_75\bin;C:\Program Files (x86)\QuickTime\QTSystem\;C:\opencv\build\x64\vc12\bin;C:\opencv\build\include\opencv;C:\opencv\build\include\opencv2;C:\opencv\build\x64\vc12\lib;C:\opencv\build\x64\vc12\staticlib;C:\Program Files\Miktex\miktex\bin\;C:\Program Files\eclipse;
USERNAME=e39050
OS=Windows_NT
PROCESSOR_IDENTIFIER=Intel64 Family 6 Model 60 Stepping 3, GenuineIntel



---------------  S Y S T E M  ---------------

OS: Windows 7 , 64 bit Build 7601 Service Pack 1

CPU:total 8 (4 cores per cpu, 2 threads per core) family 6 model 60 stepping 3, cmov, cx8, fxsr, mmx, sse, sse2, sse3, ssse3, sse4.1, sse4.2, popcnt, avx, avx2, aes, erms, ht, tsc, tscinvbit

Memory: 4k page, physical 16381776k(9616124k free), swap 32761700k(22824380k free)

vm_info: Java HotSpot(TM) 64-Bit Server VM (24.75-b04) for windows-amd64 JRE (1.7.0_75-b13), built on Dec 18 2014 17:15:01 by "java_re" with unknown MS VC++:1600

time: Thu Jul 02 19:03:42 2015
elapsed time: 37 seconds

